{
  "/root/repos/supcon-frontend-utils/src/utils/getCookie.ts": {
    "path": "/root/repos/supcon-frontend-utils/src/utils/getCookie.ts",
    "all": false,
    "statementMap": {
      "0": {
        "start": { "line": 1, "column": 0 },
        "end": { "line": 1, "column": 43 }
      },
      "1": {
        "start": { "line": 2, "column": 0 },
        "end": { "line": 2, "column": 45 }
      },
      "2": {
        "start": { "line": 3, "column": 0 },
        "end": { "line": 3, "column": 27 }
      },
      "3": {
        "start": { "line": 4, "column": 0 },
        "end": { "line": 4, "column": 35 }
      },
      "4": {
        "start": { "line": 5, "column": 0 },
        "end": { "line": 5, "column": 43 }
      },
      "5": {
        "start": { "line": 6, "column": 0 },
        "end": { "line": 6, "column": 70 }
      },
      "6": {
        "start": { "line": 7, "column": 0 },
        "end": { "line": 7, "column": 23 }
      },
      "7": {
        "start": { "line": 8, "column": 0 },
        "end": { "line": 8, "column": 36 }
      },
      "8": {
        "start": { "line": 9, "column": 0 },
        "end": { "line": 9, "column": 49 }
      },
      "9": {
        "start": { "line": 10, "column": 0 },
        "end": { "line": 10, "column": 5 }
      },
      "10": {
        "start": { "line": 11, "column": 0 },
        "end": { "line": 11, "column": 3 }
      },
      "11": {
        "start": { "line": 12, "column": 0 },
        "end": { "line": 12, "column": 18 }
      },
      "12": {
        "start": { "line": 13, "column": 0 },
        "end": { "line": 13, "column": 1 }
      }
    },
    "s": {
      "0": 1,
      "1": 3,
      "2": 3,
      "3": 3,
      "4": 4,
      "5": 4,
      "6": 4,
      "7": 4,
      "8": 4,
      "9": 4,
      "10": 1,
      "11": 1,
      "12": 1
    },
    "branchMap": {
      "0": {
        "type": "branch",
        "line": 1,
        "loc": {
          "start": { "line": 1, "column": 25 },
          "end": { "line": 13, "column": 1 }
        },
        "locations": [
          {
            "start": { "line": 1, "column": 25 },
            "end": { "line": 13, "column": 1 }
          }
        ]
      },
      "1": {
        "type": "branch",
        "line": 4,
        "loc": {
          "start": { "line": 4, "column": 34 },
          "end": { "line": 10, "column": 5 }
        },
        "locations": [
          {
            "start": { "line": 4, "column": 34 },
            "end": { "line": 10, "column": 5 }
          }
        ]
      },
      "2": {
        "type": "branch",
        "line": 9,
        "loc": {
          "start": { "line": 9, "column": 8 },
          "end": { "line": 9, "column": 49 }
        },
        "locations": [
          {
            "start": { "line": 9, "column": 8 },
            "end": { "line": 9, "column": 49 }
          }
        ]
      },
      "3": {
        "type": "branch",
        "line": 11,
        "loc": {
          "start": { "line": 11, "column": -1 },
          "end": { "line": 13, "column": 1 }
        },
        "locations": [
          {
            "start": { "line": 11, "column": -1 },
            "end": { "line": 13, "column": 1 }
          }
        ]
      },
      "4": {
        "type": "branch",
        "line": 6,
        "loc": {
          "start": { "line": 6, "column": 42 },
          "end": { "line": 6, "column": 69 }
        },
        "locations": [
          {
            "start": { "line": 6, "column": 42 },
            "end": { "line": 6, "column": 69 }
          }
        ]
      }
    },
    "b": { "0": [3], "1": [4], "2": [2], "3": [1], "4": [5] },
    "fnMap": {
      "0": {
        "name": "getCookie",
        "decl": {
          "start": { "line": 1, "column": 25 },
          "end": { "line": 13, "column": 1 }
        },
        "loc": {
          "start": { "line": 1, "column": 25 },
          "end": { "line": 13, "column": 1 }
        },
        "line": 1
      }
    },
    "f": { "0": 3 }
  }
}
