{
  "/root/repos/supcon-frontend-utils/src/utils/throttle.ts": {
    "path": "/root/repos/supcon-frontend-utils/src/utils/throttle.ts",
    "all": false,
    "statementMap": {
      "0": {
        "start": { "line": 1, "column": 0 },
        "end": { "line": 1, "column": 57 }
      },
      "1": {
        "start": { "line": 2, "column": 0 },
        "end": { "line": 2, "column": 26 }
      },
      "2": {
        "start": { "line": 3, "column": 0 },
        "end": { "line": 3, "column": 34 }
      },
      "3": {
        "start": { "line": 4, "column": 0 },
        "end": { "line": 4, "column": 14 }
      },
      "4": {
        "start": { "line": 5, "column": 0 },
        "end": { "line": 5, "column": 12 }
      },
      "5": {
        "start": { "line": 6, "column": 0 },
        "end": { "line": 6, "column": 15 }
      },
      "6": {
        "start": { "line": 7, "column": 0 },
        "end": { "line": 7, "column": 30 }
      },
      "7": {
        "start": { "line": 8, "column": 0 },
        "end": { "line": 8, "column": 18 }
      },
      "8": {
        "start": { "line": 9, "column": 0 },
        "end": { "line": 9, "column": 12 }
      },
      "9": {
        "start": { "line": 10, "column": 0 },
        "end": { "line": 10, "column": 3 }
      },
      "10": {
        "start": { "line": 11, "column": 0 },
        "end": { "line": 11, "column": 1 }
      }
    },
    "s": {
      "0": 1,
      "1": 1,
      "2": 1,
      "3": 4,
      "4": 4,
      "5": 2,
      "6": 2,
      "7": 1,
      "8": 2,
      "9": 2,
      "10": 1
    },
    "branchMap": {
      "0": {
        "type": "branch",
        "line": 1,
        "loc": {
          "start": { "line": 1, "column": 24 },
          "end": { "line": 11, "column": 1 }
        },
        "locations": [
          {
            "start": { "line": 1, "column": 24 },
            "end": { "line": 11, "column": 1 }
          }
        ]
      },
      "1": {
        "type": "branch",
        "line": 3,
        "loc": {
          "start": { "line": 3, "column": 9 },
          "end": { "line": 10, "column": 3 }
        },
        "locations": [
          {
            "start": { "line": 3, "column": 9 },
            "end": { "line": 10, "column": 3 }
          }
        ]
      },
      "2": {
        "type": "branch",
        "line": 5,
        "loc": {
          "start": { "line": 5, "column": 6 },
          "end": { "line": 10, "column": 3 }
        },
        "locations": [
          {
            "start": { "line": 5, "column": 6 },
            "end": { "line": 10, "column": 3 }
          }
        ]
      },
      "3": {
        "type": "branch",
        "line": 7,
        "loc": {
          "start": { "line": 7, "column": 23 },
          "end": { "line": 9, "column": 5 }
        },
        "locations": [
          {
            "start": { "line": 7, "column": 23 },
            "end": { "line": 9, "column": 5 }
          }
        ]
      }
    },
    "b": { "0": [1], "1": [4], "2": [2], "3": [1] },
    "fnMap": {
      "0": {
        "name": "throttle",
        "decl": {
          "start": { "line": 1, "column": 24 },
          "end": { "line": 11, "column": 1 }
        },
        "loc": {
          "start": { "line": 1, "column": 24 },
          "end": { "line": 11, "column": 1 }
        },
        "line": 1
      }
    },
    "f": { "0": 1 }
  }
}
